[ZERO] 6LNT mode=dssp (all FASTA chains assigned 0)
[ZERO] 6K4M mode=dssp (all FASTA chains assigned 0)
[ZERO] 6M6Z mode=dssp (all FASTA chains assigned 0)
[ZERO] 6RWY mode=dssp (all FASTA chains assigned 0)
[ZERO] 6T7S mode=dssp (all FASTA chains assigned 0)
[ZERO] 6TZ9 mode=mmcif (all FASTA chains assigned 0)
[ZERO] 6TZA mode=dssp (all FASTA chains assigned 0)
[ZERO] 6U1S mode=dssp (all FASTA chains assigned 0)
[ZERO] 6V6C mode=dssp (all FASTA chains assigned 0)
[ZERO] 6V9I mode=dssp (all FASTA chains assigned 0)
[ZERO] 6VFI mode=dssp (all FASTA chains assigned 0)
[ZERO] 6VL6 mode=dssp (all FASTA chains assigned 0)
[ZERO] 6VQJ mode=dssp (all FASTA chains assigned 0)
[ZERO] 6VQK mode=dssp (all FASTA chains assigned 0)
[ZERO] 6W0K mode=dssp (all FASTA chains assigned 0)
[ZERO] 6WFS mode=dssp (all FASTA chains assigned 0)
[ZERO] 6WGF mode=dssp (all FASTA chains assigned 0)
[ZERO] 6WCJ mode=dssp (all FASTA chains assigned 0)
[ZERO] 6X0V mode=dssp (all FASTA chains assigned 0)
[ZERO] 6XF7 mode=dssp (all FASTA chains assigned 0)
[ZERO] 6XKX mode=dssp (all FASTA chains assigned 0)
[ZERO] 6XKZ mode=dssp (all FASTA chains assigned 0)
[ZERO] 6YBT mode=dssp (all FASTA chains assigned 0)
[ZERO] 6YTX mode=dssp (all FASTA chains assigned 0)
[ZERO] 6YW7 mode=dssp (all FASTA chains assigned 0)
[ZERO] 6Z5J mode=dssp (all FASTA chains assigned 0)
[ZERO] 6ZG0 mode=dssp (all FASTA chains assigned 0)
[ZERO] 6ZNA mode=mmcif (all FASTA chains assigned 0)
[ZERO] 6ZPG mode=dssp (all FASTA chains assigned 0)
[ZERO] 6ZTY mode=dssp (all FASTA chains assigned 0)
[ZERO] 6ZVS mode=mmcif (all FASTA chains assigned 0)
[ZERO] 6ZVT mode=mmcif (all FASTA chains assigned 0)
[ZERO] 6TBA mode=dssp (all FASTA chains assigned 0)
[ZERO] 7ASL mode=dssp (all FASTA chains assigned 0)
[ZERO] 7B4M mode=dssp (all FASTA chains assigned 0)
[ZERO] 7B6E mode=dssp (all FASTA chains assigned 0)
[ZERO] 7B6Y mode=dssp (all FASTA chains assigned 0)
[ZERO] 6ZW4 mode=mmcif (all FASTA chains assigned 0)
[ZERO] 7BUE mode=dssp (all FASTA chains assigned 0)
[ZERO] 7BUF mode=dssp (all FASTA chains assigned 0)
[ZERO] 7BP0 mode=dssp (all FASTA chains assigned 0)
[ZERO] 7CVY mode=dssp (all FASTA chains assigned 0)
[ZERO] 7CVZ mode=dssp (all FASTA chains assigned 0)
[ZERO] 7CW0 mode=dssp (all FASTA chains assigned 0)
[ZERO] 7CW2 mode=dssp (all FASTA chains assigned 0)
[ZERO] 7E8G mode=dssp (all FASTA chains assigned 0)
[ZERO] 7EYF mode=dssp (all FASTA chains assigned 0)
[ZERO] 6ZW5 mode=mmcif (all FASTA chains assigned 0)
[ZERO] 7JGG mode=dssp (all FASTA chains assigned 0)
[ZERO] 7JTS mode=dssp (all FASTA chains assigned 0)
[ZERO] 7K1W mode=dssp (all FASTA chains assigned 0)
[ZERO] 7KPW mode=dssp (all FASTA chains assigned 0)
[ZERO] 7L6M mode=dssp (all FASTA chains assigned 0)
[ZERO] 6ZW6 mode=mmcif (all FASTA chains assigned 0)
[ZERO] 7MT8 mode=dssp (all FASTA chains assigned 0)
[ZERO] 7MT9 mode=dssp (all FASTA chains assigned 0)
[ZERO] 7A4H mode=dssp (all FASTA chains assigned 0)
[ZERO] 7N32 mode=dssp (all FASTA chains assigned 0)
[ZERO] 7A4I mode=dssp (all FASTA chains assigned 0)
[ZERO] 7N97 mode=dssp (all FASTA chains assigned 0)
[ZERO] 7N9Q mode=dssp (all FASTA chains assigned 0)
[ZERO] 7N9R mode=dssp (all FASTA chains assigned 0)
[ZERO] 7N9S mode=dssp (all FASTA chains assigned 0)
[ZERO] 7N9Y mode=dssp (all FASTA chains assigned 0)
[ZERO] 7NO1 mode=dssp (all FASTA chains assigned 0)
[ZERO] 7NO3 mode=dssp (all FASTA chains assigned 0)
[ZERO] 7NO4 mode=dssp (all FASTA chains assigned 0)
[ZERO] 7NO5 mode=dssp (all FASTA chains assigned 0)
[ZERO] 7NO6 mode=dssp (all FASTA chains assigned 0)
[ZERO] 7NO7 mode=dssp (all FASTA chains assigned 0)
[ZERO] 7NO8 mode=dssp (all FASTA chains assigned 0)
[ZERO] 7NO9 mode=dssp (all FASTA chains assigned 0)
[ZERO] 7NOA mode=dssp (all FASTA chains assigned 0)
[ZERO] 7NOB mode=dssp (all FASTA chains assigned 0)
[ZERO] 7NOC mode=dssp (all FASTA chains assigned 0)
[ZERO] 7NOD mode=dssp (all FASTA chains assigned 0)
[ZERO] 7NOE mode=dssp (all FASTA chains assigned 0)
[ZERO] 7NOF mode=dssp (all FASTA chains assigned 0)
[ZERO] 7NOG mode=dssp (all FASTA chains assigned 0)
[ZERO] 7NOH mode=dssp (all FASTA chains assigned 0)
[ZERO] 7NOI mode=dssp (all FASTA chains assigned 0)
[ZERO] 7NOJ mode=dssp (all FASTA chains assigned 0)
[ZERO] 7NOM mode=dssp (all FASTA chains assigned 0)
[ZERO] 7NON mode=dssp (all FASTA chains assigned 0)
[ZERO] 7NOO mode=dssp (all FASTA chains assigned 0)
[ZERO] 7NOP mode=dssp (all FASTA chains assigned 0)
[ZERO] 7NOQ mode=dssp (all FASTA chains assigned 0)
[ZERO] 7O3W mode=dssp (all FASTA chains assigned 0)
[ZERO] 7O3Z mode=dssp (all FASTA chains assigned 0)
[ZERO] 7PCF mode=dssp (all FASTA chains assigned 0)
[ZERO] 7Q1V mode=dssp (all FASTA chains assigned 0)
[ZERO] 7Q53 mode=dssp (all FASTA chains assigned 0)
[ZERO] 7PGT mode=dssp (all FASTA chains assigned 0)
[ZERO] 7QJE mode=dssp (all FASTA chains assigned 0)
[ZERO] 7R9H mode=dssp (all FASTA chains assigned 0)
[ZERO] 7R9I mode=dssp (all FASTA chains assigned 0)
[ZERO] 7R9J mode=dssp (all FASTA chains assigned 0)
[ZERO] 7RDR mode=dssp (all FASTA chains assigned 0)
[ZERO] 7MUQ mode=dssp (all FASTA chains assigned 0)
[ZERO] 7MUS mode=dssp (all FASTA chains assigned 0)
[ZERO] 7RO2 mode=dssp (all FASTA chains assigned 0)
[ZERO] 7RO3 mode=dssp (all FASTA chains assigned 0)
[ZERO] 7RSI mode=dssp (all FASTA chains assigned 0)
[ZERO] 7RYQ mode=dssp (all FASTA chains assigned 0)
[ZERO] 7MUV mode=dssp (all FASTA chains assigned 0)
[ZERO] 7MUW mode=dssp (all FASTA chains assigned 0)
[ZERO] 7MUY mode=dssp (all FASTA chains assigned 0)
[ZERO] 7SZ6 mode=dssp (all FASTA chains assigned 0)
[ZERO] 7SZ4 mode=dssp (all FASTA chains assigned 0)
[ZERO] 7TUK mode=dssp (all FASTA chains assigned 0)
[ZERO] 7TUL mode=dssp (all FASTA chains assigned 0)
[ZERO] 7U23 mode=dssp (all FASTA chains assigned 0)
[ZERO] 7UBB mode=dssp (all FASTA chains assigned 0)
[ZERO] 7V3J mode=dssp (all FASTA chains assigned 0)
[ZERO] 7PKY mode=dssp (all FASTA chains assigned 0)
[ZERO] 7WUV mode=dssp (all FASTA chains assigned 0)
[ZERO] 7WZR mode=dssp (all FASTA chains assigned 0)
[ZERO] 7Y1A mode=dssp (all FASTA chains assigned 0)
[ZERO] 7Y1Q mode=dssp (all FASTA chains assigned 0)
[ZERO] 7YAR mode=dssp (all FASTA chains assigned 0)
[ZERO] 7YJJ mode=dssp (all FASTA chains assigned 0)
[ZERO] 7YL9 mode=dssp (all FASTA chains assigned 0)
[ZERO] 7Z8L mode=dssp (all FASTA chains assigned 0)
[ZERO] 7TNS mode=mmcif (all FASTA chains assigned 0)
[ZERO] 7RMO mode=dssp (all FASTA chains assigned 0)
[ZERO] 8AKU mode=dssp (all FASTA chains assigned 0)
[ZERO] 8AKW mode=dssp (all FASTA chains assigned 0)
[ZERO] 8AKX mode=dssp (all FASTA chains assigned 0)
[ZERO] 8AKY mode=dssp (all FASTA chains assigned 0)
[ZERO] 8B2X mode=dssp (all FASTA chains assigned 0)
[ZERO] 8AKZ mode=dssp (all FASTA chains assigned 0)
[ZERO] 8CZD mode=dssp (all FASTA chains assigned 0)
[ZERO] 7VRT mode=dssp (all FASTA chains assigned 0)
[ZERO] 8EW5 mode=dssp (all FASTA chains assigned 0)
[ZERO] 8AL0 mode=dssp (all FASTA chains assigned 0)
[ZERO] 8FB9 mode=dssp (all FASTA chains assigned 0)
[ZERO] 8FFJ mode=dssp (all FASTA chains assigned 0)
[ZERO] 8EZ9 mode=dssp (all FASTA chains assigned 0)
[ZERO] 8FZC mode=dssp (all FASTA chains assigned 0)
[ZERO] 7Z4B mode=dssp (all FASTA chains assigned 0)
[ZERO] 8GLT mode=mmcif (all FASTA chains assigned 0)
[ZERO] 8HRG mode=dssp (all FASTA chains assigned 0)
[ZERO] 8I8C mode=dssp (all FASTA chains assigned 0)
[ZERO] 8IEL mode=dssp (all FASTA chains assigned 0)
[ZERO] 8IER mode=dssp (all FASTA chains assigned 0)
[ZERO] 8JN3 mode=dssp (all FASTA chains assigned 0)
[ZERO] 8OOK mode=dssp (all FASTA chains assigned 0)
[ZERO] 8P0V mode=dssp (all FASTA chains assigned 0)
[ZERO] 8P0X mode=dssp (all FASTA chains assigned 0)
[ZERO] 8PHT mode=dssp (all FASTA chains assigned 0)
[ZERO] 8PU7 mode=dssp (all FASTA chains assigned 0)
[ZERO] 8PUD mode=dssp (all FASTA chains assigned 0)
[ZERO] 8PUE mode=dssp (all FASTA chains assigned 0)
[ZERO] 8PUF mode=dssp (all FASTA chains assigned 0)
[ZERO] 8PUG mode=dssp (all FASTA chains assigned 0)
[ZERO] 8PUH mode=dssp (all FASTA chains assigned 0)
[ZERO] 8QFV mode=dssp (all FASTA chains assigned 0)
[ZERO] 8QHV mode=dssp (all FASTA chains assigned 0)
[ZERO] 8QHW mode=dssp (all FASTA chains assigned 0)
[ZERO] 8QHX mode=dssp (all FASTA chains assigned 0)
[ZERO] 8QHY mode=dssp (all FASTA chains assigned 0)
[ZERO] 8QHZ mode=dssp (all FASTA chains assigned 0)
[ZERO] 8QI0 mode=dssp (all FASTA chains assigned 0)
[ZERO] 8QI1 mode=dssp (all FASTA chains assigned 0)
[ZERO] 8QI2 mode=dssp (all FASTA chains assigned 0)
[ZERO] 8QI3 mode=dssp (all FASTA chains assigned 0)
[ZERO] 8QI4 mode=dssp (all FASTA chains assigned 0)
[ZERO] 8QI5 mode=dssp (all FASTA chains assigned 0)
[ZERO] 8QI6 mode=dssp (all FASTA chains assigned 0)
[ZERO] 8RK4 mode=dssp (all FASTA chains assigned 0)
[ZERO] 8CT1 mode=dssp (all FASTA chains assigned 0)
[ZERO] 8CT9 mode=dssp (all FASTA chains assigned 0)
[ZERO] 8S90 mode=dssp (all FASTA chains assigned 0)
[ZERO] 8SIM mode=dssp (all FASTA chains assigned 0)
[ZERO] 8T9L mode=dssp (all FASTA chains assigned 0)
[ZERO] 8G4L mode=dssp (all FASTA chains assigned 0)
[ZERO] 8U8H mode=dssp (all FASTA chains assigned 0)
[ZERO] 8U95 mode=dssp (all FASTA chains assigned 0)
[ZERO] 8UK2 mode=dssp (all FASTA chains assigned 0)
[ZERO] 8UK3 mode=dssp (all FASTA chains assigned 0)
[ZERO] 8I7R mode=dssp (all FASTA chains assigned 0)
[ZERO] 8PHU mode=dssp (all FASTA chains assigned 0)
[ZERO] 8V2D mode=dssp (all FASTA chains assigned 0)
[ZERO] 8VA2 mode=dssp (all FASTA chains assigned 0)
[ZERO] 8VIB mode=dssp (all FASTA chains assigned 0)
[ZERO] 8VID mode=dssp (all FASTA chains assigned 0)
[ZERO] 8V3B mode=dssp (all FASTA chains assigned 0)
[ZERO] 8RQE mode=dssp (all FASTA chains assigned 0)
[ZERO] 8VYV mode=dssp (all FASTA chains assigned 0)
[ZERO] 8VYW mode=dssp (all FASTA chains assigned 0)
[ZERO] 8WB6 mode=dssp (all FASTA chains assigned 0)
[ZERO] 8WB7 mode=dssp (all FASTA chains assigned 0)
[ZERO] 8WDC mode=dssp (all FASTA chains assigned 0)
[ZERO] 8WO0 mode=dssp (all FASTA chains assigned 0)
[ZERO] 8TO0 mode=dssp (all FASTA chains assigned 0)
[ZERO] 8Y6Q mode=dssp (all FASTA chains assigned 0)
[ZERO] 8YFU mode=dssp (all FASTA chains assigned 0)
[ZERO] 8VKR mode=mmcif (all FASTA chains assigned 0)
[ZERO] 8Z93 mode=dssp (all FASTA chains assigned 0)
[ZERO] 8ZIP mode=dssp (all FASTA chains assigned 0)
[ZERO] 9BQX mode=dssp (all FASTA chains assigned 0)
[ZERO] 8WO5 mode=dssp (all FASTA chains assigned 0)
[ZERO] 8YMJ mode=mmcif (all FASTA chains assigned 0)
[ZERO] 9C9U mode=dssp (all FASTA chains assigned 0)
[ZERO] 9CJL mode=dssp (all FASTA chains assigned 0)
[ZERO] 8UPL mode=mmcif (all FASTA chains assigned 0)
[ZERO] 9CM2 mode=dssp (all FASTA chains assigned 0)
[ZERO] 9DVC mode=dssp (all FASTA chains assigned 0)
[ZERO] 9E0H mode=dssp (all FASTA chains assigned 0)
[ZERO] 9DSM mode=dssp (all FASTA chains assigned 0)
[ZERO] 9EOM mode=dssp (all FASTA chains assigned 0)
[ZERO] 9EON mode=dssp (all FASTA chains assigned 0)
[ZERO] 9EVD mode=dssp (all FASTA chains assigned 0)
[ZERO] 9FTM mode=dssp (all FASTA chains assigned 0)
[ZERO] 9G3X mode=dssp (all FASTA chains assigned 0)
[ZERO] 9GVG mode=dssp (all FASTA chains assigned 0)
[ZERO] 9H9P mode=dssp (all FASTA chains assigned 0)
[ZERO] 9HMF mode=dssp (all FASTA chains assigned 0)
[ZERO] 9DOG mode=mmcif (all FASTA chains assigned 0)
[ZERO] 9HZR mode=dssp (all FASTA chains assigned 0)
[ZERO] 9HZT mode=dssp (all FASTA chains assigned 0)
[ZERO] 9HZS mode=dssp (all FASTA chains assigned 0)
[ZERO] 9HZU mode=dssp (all FASTA chains assigned 0)
[ZERO] 9FQR mode=dssp (all FASTA chains assigned 0)
[ZERO] 9HZV mode=dssp (all FASTA chains assigned 0)
[ZERO] 9HZW mode=dssp (all FASTA chains assigned 0)
[ZERO] 9HZX mode=dssp (all FASTA chains assigned 0)
[ZERO] 9ITR mode=dssp (all FASTA chains assigned 0)
[ZERO] 9ITY mode=dssp (all FASTA chains assigned 0)
[ZERO] 9IU0 mode=dssp (all FASTA chains assigned 0)
[ZERO] 9JS6 mode=dssp (all FASTA chains assigned 0)
[ZERO] 9JSD mode=dssp (all FASTA chains assigned 0)
[ZERO] 9KYV mode=dssp (all FASTA chains assigned 0)
[ZERO] 9KYX mode=dssp (all FASTA chains assigned 0)
[ZERO] 9KYY mode=dssp (all FASTA chains assigned 0)
[ZERO] 9LHX mode=dssp (all FASTA chains assigned 0)
[ZERO] 9HZY mode=dssp (all FASTA chains assigned 0)
[ZERO] 9HZZ mode=dssp (all FASTA chains assigned 0)
[ZERO] 9I00 mode=dssp (all FASTA chains assigned 0)
[ZERO] 9NA9 mode=dssp (all FASTA chains assigned 0)
[ZERO] 9NBB mode=dssp (all FASTA chains assigned 0)
[ZERO] 9I01 mode=dssp (all FASTA chains assigned 0)
[ZERO] 9O13 mode=dssp (all FASTA chains assigned 0)
[ZERO] 9PZM mode=dssp (all FASTA chains assigned 0)
[ZERO] 9NH0 mode=mmcif (all FASTA chains assigned 0)
[ZERO] 9QGO mode=dssp (all FASTA chains assigned 0)
[ZERO] 9QF0 mode=dssp (all FASTA chains assigned 0)
[ZERO] 9NVJ mode=dssp (all FASTA chains assigned 0)
[ZERO] 9QX2 mode=dssp (all FASTA chains assigned 0)
[ZERO] 9R3E mode=dssp (all FASTA chains assigned 0)
[ZERO] 9U6L mode=dssp (all FASTA chains assigned 0)
[ZERO] 9U6M mode=dssp (all FASTA chains assigned 0)
[ZERO] 9VKS mode=dssp (all FASTA chains assigned 0)
[ZERO] 9Y5Q mode=dssp (all FASTA chains assigned 0)
[ZERO] 9NTM mode=mmcif (all FASTA chains assigned 0)
[ZERO] 9IJJ mode=dssp (all FASTA chains assigned 0)
